2017-01-24 08:27:14 INFO  - SCENARIO: Sign-in to Pivotal Tracker with valid username and password.. MESSAGE: starting scenario.
2017-01-24 08:27:15 INFO  - SCENARIO: Create a Task. MESSAGE: starting scenario.
2017-01-24 08:27:15 INFO  - STEP: I am on Pivotal Tracker page. MESSAGE: Going to pivotal tracker page.
2017-01-24 08:27:15 INFO  - STEP: Deleting project by API. MESSAGE: Deleting the project.
2017-01-24 08:27:15 INFO  - SCENARIO: Update name a Task. MESSAGE: starting scenario.
2017-01-24 08:27:15 INFO  - STEP: I am on Pivotal Tracker page. MESSAGE: Going to pivotal tracker page.
2017-01-24 08:27:15 INFO  - STEP: Deleting project by API. MESSAGE: Deleting the project.
2017-01-24 08:27:15 INFO  - SCENARIO: Create multiple Tasks with the same name. MESSAGE: starting scenario.
2017-01-24 08:27:15 INFO  - STEP: I am on Pivotal Tracker page. MESSAGE: Going to pivotal tracker page.
2017-01-24 08:27:15 INFO  - STEP: Deleting project by API. MESSAGE: Deleting the project.
2017-01-24 08:27:15 INFO  - SCENARIO: Delete a Task. MESSAGE: starting scenario.
2017-01-24 08:27:15 INFO  - STEP: I am on Pivotal Tracker page. MESSAGE: Going to pivotal tracker page.
2017-01-24 08:27:15 INFO  - STEP: Deleting project by API. MESSAGE: Deleting the project.
2017-01-24 08:27:15 INFO  - SCENARIO: Create task without name. MESSAGE: starting scenario.
2017-01-24 08:27:15 INFO  - STEP: I am on Pivotal Tracker page. MESSAGE: Going to pivotal tracker page.
2017-01-24 08:27:15 INFO  - STEP: Deleting project by API. MESSAGE: Deleting the project.
2017-01-24 08:27:15 INFO  - SCENARIO: Check a task as Done. MESSAGE: starting scenario.
2017-01-24 08:27:15 INFO  - STEP: I am on Pivotal Tracker page. MESSAGE: Going to pivotal tracker page.
2017-01-24 08:27:15 INFO  - STEP: Deleting project by API. MESSAGE: Deleting the project.
2017-01-24 08:32:19 INFO  - SCENARIO: Sign-in to Pivotal Tracker with valid username and password.. MESSAGE: starting scenario.
2017-01-24 08:32:19 INFO  - SCENARIO: Create a Task. MESSAGE: starting scenario.
2017-01-24 08:32:19 INFO  - STEP: I am on Pivotal Tracker page. MESSAGE: Going to pivotal tracker page.
2017-01-24 08:32:19 INFO  - STEP: Deleting project by API. MESSAGE: Deleting the project.
2017-01-24 08:32:19 INFO  - SCENARIO: Update name a Task. MESSAGE: starting scenario.
2017-01-24 08:32:19 INFO  - STEP: I am on Pivotal Tracker page. MESSAGE: Going to pivotal tracker page.
2017-01-24 08:32:19 INFO  - STEP: Deleting project by API. MESSAGE: Deleting the project.
2017-01-24 08:32:19 INFO  - SCENARIO: Create multiple Tasks with the same name. MESSAGE: starting scenario.
2017-01-24 08:32:19 INFO  - STEP: I am on Pivotal Tracker page. MESSAGE: Going to pivotal tracker page.
2017-01-24 08:32:19 INFO  - STEP: Deleting project by API. MESSAGE: Deleting the project.
2017-01-24 08:32:19 INFO  - SCENARIO: Delete a Task. MESSAGE: starting scenario.
2017-01-24 08:32:19 INFO  - STEP: I am on Pivotal Tracker page. MESSAGE: Going to pivotal tracker page.
2017-01-24 08:32:19 INFO  - STEP: Deleting project by API. MESSAGE: Deleting the project.
2017-01-24 08:32:19 INFO  - SCENARIO: Create task without name. MESSAGE: starting scenario.
2017-01-24 08:32:19 INFO  - STEP: I am on Pivotal Tracker page. MESSAGE: Going to pivotal tracker page.
2017-01-24 08:32:19 INFO  - STEP: Deleting project by API. MESSAGE: Deleting the project.
2017-01-24 08:32:19 INFO  - SCENARIO: Check a task as Done. MESSAGE: starting scenario.
2017-01-24 08:32:19 INFO  - STEP: I am on Pivotal Tracker page. MESSAGE: Going to pivotal tracker page.
2017-01-24 08:32:19 INFO  - STEP: Deleting project by API. MESSAGE: Deleting the project.
2017-01-24 08:35:24 INFO  - SCENARIO: Sign-in to Pivotal Tracker with valid username and password.. MESSAGE: starting scenario.
2017-01-24 08:35:25 INFO  - SCENARIO: Create a Task. MESSAGE: starting scenario.
2017-01-24 08:35:25 INFO  - STEP: I am on Pivotal Tracker page. MESSAGE: Going to pivotal tracker page.
2017-01-24 08:35:25 INFO  - STEP: Deleting project by API. MESSAGE: Deleting the project.
2017-01-24 08:35:25 INFO  - SCENARIO: Update name a Task. MESSAGE: starting scenario.
2017-01-24 08:35:25 INFO  - STEP: I am on Pivotal Tracker page. MESSAGE: Going to pivotal tracker page.
2017-01-24 08:35:25 INFO  - STEP: Deleting project by API. MESSAGE: Deleting the project.
2017-01-24 08:35:25 INFO  - SCENARIO: Create multiple Tasks with the same name. MESSAGE: starting scenario.
2017-01-24 08:35:25 INFO  - STEP: I am on Pivotal Tracker page. MESSAGE: Going to pivotal tracker page.
2017-01-24 08:35:25 INFO  - STEP: Deleting project by API. MESSAGE: Deleting the project.
2017-01-24 08:35:25 INFO  - SCENARIO: Delete a Task. MESSAGE: starting scenario.
2017-01-24 08:35:25 INFO  - STEP: I am on Pivotal Tracker page. MESSAGE: Going to pivotal tracker page.
2017-01-24 08:35:25 INFO  - STEP: Deleting project by API. MESSAGE: Deleting the project.
2017-01-24 08:35:25 INFO  - SCENARIO: Create task without name. MESSAGE: starting scenario.
2017-01-24 08:35:25 INFO  - STEP: I am on Pivotal Tracker page. MESSAGE: Going to pivotal tracker page.
2017-01-24 08:35:25 INFO  - STEP: Deleting project by API. MESSAGE: Deleting the project.
2017-01-24 08:35:25 INFO  - SCENARIO: Check a task as Done. MESSAGE: starting scenario.
2017-01-24 08:35:25 INFO  - STEP: I am on Pivotal Tracker page. MESSAGE: Going to pivotal tracker page.
2017-01-24 08:35:25 INFO  - STEP: Deleting project by API. MESSAGE: Deleting the project.
2017-01-24 08:36:40 INFO  - SCENARIO: Sign-in to Pivotal Tracker with valid username and password.. MESSAGE: starting scenario.
2017-01-24 08:36:40 INFO  - SCENARIO: Create a Task. MESSAGE: starting scenario.
2017-01-24 08:36:40 INFO  - STEP: I am on Pivotal Tracker page. MESSAGE: Going to pivotal tracker page.
2017-01-24 08:36:40 INFO  - STEP: Deleting project by API. MESSAGE: Deleting the project.
2017-01-24 08:36:40 INFO  - SCENARIO: Update name a Task. MESSAGE: starting scenario.
2017-01-24 08:36:40 INFO  - STEP: I am on Pivotal Tracker page. MESSAGE: Going to pivotal tracker page.
2017-01-24 08:36:40 INFO  - STEP: Deleting project by API. MESSAGE: Deleting the project.
2017-01-24 08:36:40 INFO  - SCENARIO: Create multiple Tasks with the same name. MESSAGE: starting scenario.
2017-01-24 08:36:40 INFO  - STEP: I am on Pivotal Tracker page. MESSAGE: Going to pivotal tracker page.
2017-01-24 08:36:40 INFO  - STEP: Deleting project by API. MESSAGE: Deleting the project.
2017-01-24 08:36:40 INFO  - SCENARIO: Delete a Task. MESSAGE: starting scenario.
2017-01-24 08:36:40 INFO  - STEP: I am on Pivotal Tracker page. MESSAGE: Going to pivotal tracker page.
2017-01-24 08:36:40 INFO  - STEP: Deleting project by API. MESSAGE: Deleting the project.
2017-01-24 08:36:40 INFO  - SCENARIO: Create task without name. MESSAGE: starting scenario.
2017-01-24 08:36:40 INFO  - STEP: I am on Pivotal Tracker page. MESSAGE: Going to pivotal tracker page.
2017-01-24 08:36:40 INFO  - STEP: Deleting project by API. MESSAGE: Deleting the project.
2017-01-24 08:36:40 INFO  - SCENARIO: Check a task as Done. MESSAGE: starting scenario.
2017-01-24 08:36:40 INFO  - STEP: I am on Pivotal Tracker page. MESSAGE: Going to pivotal tracker page.
2017-01-24 08:36:40 INFO  - STEP: Deleting project by API. MESSAGE: Deleting the project.
2017-01-24 08:41:29 INFO  - SCENARIO: Sign-in to Pivotal Tracker with valid username and password.. MESSAGE: starting scenario.
2017-01-24 08:41:30 INFO  - SCENARIO: Create a Task. MESSAGE: starting scenario.
2017-01-24 08:41:30 INFO  - STEP: I am on Pivotal Tracker page. MESSAGE: Going to pivotal tracker page.
2017-01-24 08:41:30 INFO  - STEP: Deleting project by API. MESSAGE: Deleting the project.
2017-01-24 08:41:30 INFO  - SCENARIO: Update name a Task. MESSAGE: starting scenario.
2017-01-24 08:41:30 INFO  - STEP: I am on Pivotal Tracker page. MESSAGE: Going to pivotal tracker page.
2017-01-24 08:41:30 INFO  - STEP: Deleting project by API. MESSAGE: Deleting the project.
2017-01-24 08:41:30 INFO  - SCENARIO: Create multiple Tasks with the same name. MESSAGE: starting scenario.
2017-01-24 08:41:30 INFO  - STEP: I am on Pivotal Tracker page. MESSAGE: Going to pivotal tracker page.
2017-01-24 08:41:30 INFO  - STEP: Deleting project by API. MESSAGE: Deleting the project.
2017-01-24 08:41:30 INFO  - SCENARIO: Delete a Task. MESSAGE: starting scenario.
2017-01-24 08:41:30 INFO  - STEP: I am on Pivotal Tracker page. MESSAGE: Going to pivotal tracker page.
2017-01-24 08:41:30 INFO  - STEP: Deleting project by API. MESSAGE: Deleting the project.
2017-01-24 08:41:30 INFO  - SCENARIO: Create task without name. MESSAGE: starting scenario.
2017-01-24 08:41:30 INFO  - STEP: I am on Pivotal Tracker page. MESSAGE: Going to pivotal tracker page.
2017-01-24 08:41:30 INFO  - STEP: Deleting project by API. MESSAGE: Deleting the project.
2017-01-24 08:41:30 INFO  - SCENARIO: Check a task as Done. MESSAGE: starting scenario.
2017-01-24 08:41:30 INFO  - STEP: I am on Pivotal Tracker page. MESSAGE: Going to pivotal tracker page.
2017-01-24 08:41:30 INFO  - STEP: Deleting project by API. MESSAGE: Deleting the project.
2017-01-24 08:42:14 INFO  - SCENARIO: Sign-in to Pivotal Tracker with valid username and password.. MESSAGE: starting scenario.
2017-01-24 08:42:14 INFO  - SCENARIO: Create a Task. MESSAGE: starting scenario.
2017-01-24 08:42:14 INFO  - STEP: I am on Pivotal Tracker page. MESSAGE: Going to pivotal tracker page.
2017-01-24 08:42:14 INFO  - STEP: Deleting project by API. MESSAGE: Deleting the project.
2017-01-24 08:42:14 INFO  - SCENARIO: Update name a Task. MESSAGE: starting scenario.
2017-01-24 08:42:14 INFO  - STEP: I am on Pivotal Tracker page. MESSAGE: Going to pivotal tracker page.
2017-01-24 08:42:14 INFO  - STEP: Deleting project by API. MESSAGE: Deleting the project.
2017-01-24 08:42:14 INFO  - SCENARIO: Create multiple Tasks with the same name. MESSAGE: starting scenario.
2017-01-24 08:42:14 INFO  - STEP: I am on Pivotal Tracker page. MESSAGE: Going to pivotal tracker page.
2017-01-24 08:42:14 INFO  - STEP: Deleting project by API. MESSAGE: Deleting the project.
2017-01-24 08:42:14 INFO  - SCENARIO: Delete a Task. MESSAGE: starting scenario.
2017-01-24 08:42:14 INFO  - STEP: I am on Pivotal Tracker page. MESSAGE: Going to pivotal tracker page.
2017-01-24 08:42:14 INFO  - STEP: Deleting project by API. MESSAGE: Deleting the project.
2017-01-24 08:42:14 INFO  - SCENARIO: Create task without name. MESSAGE: starting scenario.
2017-01-24 08:42:14 INFO  - STEP: I am on Pivotal Tracker page. MESSAGE: Going to pivotal tracker page.
2017-01-24 08:42:14 INFO  - STEP: Deleting project by API. MESSAGE: Deleting the project.
2017-01-24 08:42:14 INFO  - SCENARIO: Check a task as Done. MESSAGE: starting scenario.
2017-01-24 08:42:14 INFO  - STEP: I am on Pivotal Tracker page. MESSAGE: Going to pivotal tracker page.
2017-01-24 08:42:14 INFO  - STEP: Deleting project by API. MESSAGE: Deleting the project.
2017-01-24 08:52:10 INFO  - SCENARIO: Sign-in to Pivotal Tracker with valid username and password.. MESSAGE: starting scenario.
2017-01-24 08:52:10 INFO  - SCENARIO: Create a Task. MESSAGE: starting scenario.
2017-01-24 08:52:10 INFO  - STEP: I am on Pivotal Tracker page. MESSAGE: Going to pivotal tracker page.
2017-01-24 08:52:10 INFO  - STEP: Deleting project by API. MESSAGE: Deleting the project.
2017-01-24 08:52:10 INFO  - SCENARIO: Update name a Task. MESSAGE: starting scenario.
2017-01-24 08:52:10 INFO  - STEP: I am on Pivotal Tracker page. MESSAGE: Going to pivotal tracker page.
2017-01-24 08:52:10 INFO  - STEP: Deleting project by API. MESSAGE: Deleting the project.
2017-01-24 08:52:10 INFO  - SCENARIO: Create multiple Tasks with the same name. MESSAGE: starting scenario.
2017-01-24 08:52:10 INFO  - STEP: I am on Pivotal Tracker page. MESSAGE: Going to pivotal tracker page.
2017-01-24 08:52:10 INFO  - STEP: Deleting project by API. MESSAGE: Deleting the project.
2017-01-24 08:52:10 INFO  - SCENARIO: Delete a Task. MESSAGE: starting scenario.
2017-01-24 08:52:10 INFO  - STEP: I am on Pivotal Tracker page. MESSAGE: Going to pivotal tracker page.
2017-01-24 08:52:10 INFO  - STEP: Deleting project by API. MESSAGE: Deleting the project.
2017-01-24 08:52:10 INFO  - SCENARIO: Create task without name. MESSAGE: starting scenario.
2017-01-24 08:52:10 INFO  - STEP: I am on Pivotal Tracker page. MESSAGE: Going to pivotal tracker page.
2017-01-24 08:52:10 INFO  - STEP: Deleting project by API. MESSAGE: Deleting the project.
2017-01-24 08:52:10 INFO  - SCENARIO: Check a task as Done. MESSAGE: starting scenario.
2017-01-24 08:52:10 INFO  - STEP: I am on Pivotal Tracker page. MESSAGE: Going to pivotal tracker page.
2017-01-24 08:52:10 INFO  - STEP: Deleting project by API. MESSAGE: Deleting the project.
2017-01-24 09:12:29 INFO  - SCENARIO: Sign-in to Pivotal Tracker with valid username and password.. MESSAGE: starting scenario.
2017-01-24 09:12:51 INFO  - SCENARIO: Create a Task. MESSAGE: starting scenario.
2017-01-24 09:12:51 INFO  - STEP: I am on Pivotal Tracker page. MESSAGE: Going to pivotal tracker page.
2017-01-24 09:12:53 INFO  - STEP: I put a at-02@outlook.com and press Next button. MESSAGE: Inserting username.
2017-01-24 09:12:53 INFO  - STEP: I put a Automation123 and press Submit button. MESSAGE: Inserting password and pressing submit button.
2017-01-24 09:12:54 INFO  - STEP: I create a project as a TestProject. MESSAGE: Pressing create project button and setting the project name.
2017-01-24 09:12:58 INFO  - STEP: I select an account as a Jala. MESSAGE: Selecting an account.
2017-01-24 09:12:58 INFO  - STEP: I create a story as a StoryTest. MESSAGE: Creating an user story.
2017-01-24 09:13:05 INFO  - STEP: I add a task as a TestTask. MESSAGE: Creating an user story.
2017-01-24 09:13:05 INFO  - STEP: A task named TestTask should be created. MESSAGE: Verifying the creation of task.
2017-01-24 09:13:06 INFO  - STEP: Deleting project by API. MESSAGE: Deleting the project.
2017-01-24 09:13:16 INFO  - STEP: Logout of the account. MESSAGE: Quiting of the account.
2017-01-24 09:13:18 INFO  - STEP: Go to the login page. MESSAGE: Going to the login page.
2017-01-24 09:13:19 INFO  - SCENARIO: Update name a Task. MESSAGE: starting scenario.
2017-01-24 09:13:19 INFO  - STEP: I am on Pivotal Tracker page. MESSAGE: Going to pivotal tracker page.
2017-01-24 09:13:21 INFO  - STEP: I put a at-02@outlook.com and press Next button. MESSAGE: Inserting username.
2017-01-24 09:13:21 INFO  - STEP: I put a Automation123 and press Submit button. MESSAGE: Inserting password and pressing submit button.
2017-01-24 09:13:21 INFO  - STEP: I create a project as a TestProject. MESSAGE: Pressing create project button and setting the project name.
2017-01-24 09:13:25 INFO  - STEP: I select an account as a Jala. MESSAGE: Selecting an account.
2017-01-24 09:13:25 INFO  - STEP: I create a story as a StoryTest. MESSAGE: Creating an user story.
2017-01-24 09:13:31 INFO  - STEP: I have a task taskOne and taskTwo created. MESSAGE: Creating two tasks..
2017-01-24 09:13:32 INFO  - STEP: I change the name of taskTwo for TestTaskUpdated. MESSAGE: Changing the name of a task.
2017-01-24 09:13:32 INFO  - STEP: The task should be change to TestTaskUpdated. MESSAGE: Verifying the changed name of a task.
2017-01-24 09:13:33 INFO  - STEP: Deleting project by API. MESSAGE: Deleting the project.
2017-01-24 09:13:39 INFO  - STEP: Logout of the account. MESSAGE: Quiting of the account.
2017-01-24 09:13:41 INFO  - STEP: Go to the login page. MESSAGE: Going to the login page.
2017-01-24 09:13:42 INFO  - SCENARIO: Create multiple Tasks with the same name. MESSAGE: starting scenario.
2017-01-24 09:13:42 INFO  - STEP: I am on Pivotal Tracker page. MESSAGE: Going to pivotal tracker page.
2017-01-24 09:13:45 INFO  - STEP: I put a at-02@outlook.com and press Next button. MESSAGE: Inserting username.
2017-01-24 09:13:45 INFO  - STEP: I put a Automation123 and press Submit button. MESSAGE: Inserting password and pressing submit button.
2017-01-24 09:13:45 INFO  - STEP: I create a project as a TestProject. MESSAGE: Pressing create project button and setting the project name.
2017-01-24 09:13:49 INFO  - STEP: I select an account as a Jala. MESSAGE: Selecting an account.
2017-01-24 09:13:49 INFO  - STEP: I create a story as a StoryTest. MESSAGE: Creating an user story.
2017-01-24 09:13:55 INFO  - STEP: I add multiple tasks with the same name as TaskTest. MESSAGE: Creating multiple tasks.
2017-01-24 09:13:56 INFO  - STEP: I click on save story with tasks. MESSAGE: Saving tasks.
2017-01-24 09:13:56 INFO  - STEP: I should have created 5tasks with the same name as TaskTest. MESSAGE: Verifying tasks created.
2017-01-24 09:13:57 INFO  - STEP: Deleting project by API. MESSAGE: Deleting the project.
2017-01-24 09:14:03 INFO  - STEP: Logout of the account. MESSAGE: Quiting of the account.
2017-01-24 09:14:06 INFO  - STEP: Go to the login page. MESSAGE: Going to the login page.
2017-01-24 09:14:06 INFO  - SCENARIO: Delete a Task. MESSAGE: starting scenario.
2017-01-24 09:14:06 INFO  - STEP: I am on Pivotal Tracker page. MESSAGE: Going to pivotal tracker page.
2017-01-24 09:14:08 INFO  - STEP: I put a at-02@outlook.com and press Next button. MESSAGE: Inserting username.
2017-01-24 09:14:08 INFO  - STEP: I put a Automation123 and press Submit button. MESSAGE: Inserting password and pressing submit button.
2017-01-24 09:14:09 INFO  - STEP: I create a project as a TestProject. MESSAGE: Pressing create project button and setting the project name.
2017-01-24 09:14:12 INFO  - STEP: I select an account as a Jala. MESSAGE: Selecting an account.
2017-01-24 09:14:12 INFO  - STEP: I create a story as a StoryTest. MESSAGE: Creating an user story.
2017-01-24 09:14:17 INFO  - STEP: I have a task taskOne and taskTwo created. MESSAGE: Creating two tasks..
2017-01-24 09:14:18 INFO  - STEP: I delete taskOne. MESSAGE: Deleting a task.
2017-01-24 09:14:20 INFO  - STEP: taskOne should be deleted. MESSAGE: Verifying deleted task.
2017-01-24 09:14:21 INFO  - STEP: Deleting project by API. MESSAGE: Deleting the project.
2017-01-24 09:14:26 INFO  - STEP: Logout of the account. MESSAGE: Quiting of the account.
2017-01-24 09:14:28 INFO  - STEP: Go to the login page. MESSAGE: Going to the login page.
2017-01-24 09:14:29 INFO  - SCENARIO: Create task without name. MESSAGE: starting scenario.
2017-01-24 09:14:29 INFO  - STEP: I am on Pivotal Tracker page. MESSAGE: Going to pivotal tracker page.
2017-01-24 09:14:31 INFO  - STEP: I put a at-02@outlook.com and press Next button. MESSAGE: Inserting username.
2017-01-24 09:14:31 INFO  - STEP: I put a Automation123 and press Submit button. MESSAGE: Inserting password and pressing submit button.
2017-01-24 09:14:32 INFO  - STEP: I create a project as a TestProject. MESSAGE: Pressing create project button and setting the project name.
2017-01-24 09:14:35 INFO  - STEP: I select an account as a Jala. MESSAGE: Selecting an account.
2017-01-24 09:14:35 INFO  - STEP: I create a story as a StoryTest. MESSAGE: Creating an user story.
2017-01-24 09:14:40 INFO  - STEP: I press add new task without name. MESSAGE: Pressing add new task button.
2017-01-24 09:14:40 INFO  - STEP: I expect an alert message. MESSAGE: Verifying alert message.
2017-01-24 09:14:40 INFO  - STEP: Deleting project by API. MESSAGE: Deleting the project.
2017-01-24 09:14:46 INFO  - STEP: Logout of the account. MESSAGE: Quiting of the account.
2017-01-24 09:14:48 INFO  - STEP: Go to the login page. MESSAGE: Going to the login page.
2017-01-24 09:14:49 INFO  - SCENARIO: Check a task as Done. MESSAGE: starting scenario.
2017-01-24 09:14:49 INFO  - STEP: I am on Pivotal Tracker page. MESSAGE: Going to pivotal tracker page.
2017-01-24 09:14:51 INFO  - STEP: I put a at-02@outlook.com and press Next button. MESSAGE: Inserting username.
2017-01-24 09:14:51 INFO  - STEP: I put a Automation123 and press Submit button. MESSAGE: Inserting password and pressing submit button.
2017-01-24 09:14:52 INFO  - STEP: I create a project as a TestProject. MESSAGE: Pressing create project button and setting the project name.
2017-01-24 09:14:55 INFO  - STEP: I select an account as a Jala. MESSAGE: Selecting an account.
2017-01-24 09:14:56 INFO  - STEP: I create a story as a StoryTest. MESSAGE: Creating an user story.
2017-01-24 09:15:00 INFO  - STEP: I have a task taskOne and taskTwo created. MESSAGE: Creating two tasks..
2017-01-24 09:15:01 INFO  - STEP: I check in done the taskTwocreated. MESSAGE: Checking a task.
2017-01-24 09:15:01 INFO  - STEP: A task status should be showTASKS (1/2). MESSAGE: Verifying task is done.
2017-01-24 09:15:02 INFO  - STEP: Deleting project by API. MESSAGE: Deleting the project.
2017-01-24 09:15:08 INFO  - STEP: Logout of the account. MESSAGE: Quiting of the account.
2017-01-24 09:15:10 INFO  - STEP: Go to the login page. MESSAGE: Going to the login page.
